[debug] [2022-05-23T04:07:42.976Z] ----------------------------------------------------------------------
[debug] [2022-05-23T04:07:42.978Z] Command:       C:\Program Files\nodejs\node.exe C:\Users\prate\AppData\Roaming\npm\node_modules\firebase-tools\lib\bin\firebase.js init
[debug] [2022-05-23T04:07:42.978Z] CLI Version:   11.0.0
[debug] [2022-05-23T04:07:42.979Z] Platform:      win32
[debug] [2022-05-23T04:07:42.979Z] Node Version:  v18.0.0
[debug] [2022-05-23T04:07:42.980Z] Time:          Mon May 23 2022 00:07:42 GMT-0400 (Eastern Daylight Time)
[debug] [2022-05-23T04:07:42.980Z] ----------------------------------------------------------------------
[debug] 
[debug] [2022-05-23T04:07:42.989Z] > command requires scopes: ["email","openid","https://www.googleapis.com/auth/cloudplatformprojects.readonly","https://www.googleapis.com/auth/firebase","https://www.googleapis.com/auth/cloud-platform"]
[debug] [2022-05-23T04:07:42.989Z] > authorizing via signed-in user (helpassignment060@gmail.com)
[info] 
     ######## #### ########  ######## ########     ###     ######  ########
     ##        ##  ##     ## ##       ##     ##  ##   ##  ##       ##
     ######    ##  ########  ######   ########  #########  ######  ######
     ##        ##  ##    ##  ##       ##     ## ##     ##       ## ##
     ##       #### ##     ## ######## ########  ##     ##  ######  ########

You're about to initialize a Firebase project in this directory:

  C:\D\Work\Web\Portr\assignmentHelp

Before we get started, keep in mind:

  * You are currently outside your home directory

[info] 
=== Project Setup
[info] 
[info] First, let's associate this project directory with a Firebase project.
[info] You can create multiple project aliases by running firebase use --add, 
[info] but for now we'll just set up a default project.
[info] 
[debug] [2022-05-23T04:07:52.947Z] > refreshing access token with scopes: []
[debug] [2022-05-23T04:07:52.949Z] >>> HTTP REQUEST POST https://www.googleapis.com/oauth2/v3/token  
 <request body omitted>
[debug] [2022-05-23T04:07:53.224Z] <<< HTTP RESPONSE 200 {"date":"Mon, 23 May 2022 04:07:52 GMT","cache-control":"no-cache, no-store, max-age=0, must-revalidate","pragma":"no-cache","expires":"Mon, 01 Jan 1990 00:00:00 GMT","content-type":"application/json; charset=utf-8","vary":"X-Origin, Referer, Origin,Accept-Encoding","server":"scaffolding on HTTPServer2","x-xss-protection":"0","x-frame-options":"SAMEORIGIN","x-content-type-options":"nosniff","alt-svc":"h3=\":443\"; ma=2592000,h3-29=\":443\"; ma=2592000,h3-Q050=\":443\"; ma=2592000,h3-Q046=\":443\"; ma=2592000,h3-Q043=\":443\"; ma=2592000,quic=\":443\"; ma=2592000; v=\"46,43\"","accept-ranges":"none","transfer-encoding":"chunked"}
[debug] [2022-05-23T04:07:53.250Z] >>> [apiv2][query] GET https://firebase.googleapis.com/v1beta1/projects pageSize=100
[debug] [2022-05-23T04:07:53.757Z] <<< [apiv2][status] GET https://firebase.googleapis.com/v1beta1/projects 200
[debug] [2022-05-23T04:07:53.758Z] <<< [apiv2][body] GET https://firebase.googleapis.com/v1beta1/projects [omitted]
[info] i  Using project assignmenthelp-eb713 (assignmenthelp) 
[info] 
=== Hosting Setup
[info] 
[info] Your public directory is the folder (relative to your project directory) that
[info] will contain Hosting assets to be uploaded with firebase deploy. If you
[info] have a build process for your assets, use your build's output directory.
[info] 
